c:\users\anthony\desktop\cs classes\myrte\cs419_tyrrella_final\raytracing\debug\vc140.pdb
c:\users\anthony\desktop\cs classes\myrte\cs419_tyrrella_final\raytracing\debug\vc140.idb
c:\users\anthony\desktop\cs classes\myrte\cs419_tyrrella_final\raytracing\debug\camera.obj
c:\users\anthony\desktop\cs classes\myrte\cs419_tyrrella_final\raytracing\debug\color.obj
c:\users\anthony\desktop\cs classes\myrte\cs419_tyrrella_final\raytracing\debug\lighting.obj
c:\users\anthony\desktop\cs classes\myrte\cs419_tyrrella_final\raytracing\debug\mylist.obj
c:\users\anthony\desktop\cs classes\myrte\cs419_tyrrella_final\raytracing\debug\mymath.obj
c:\users\anthony\desktop\cs classes\myrte\cs419_tyrrella_final\raytracing\debug\ray.obj
c:\users\anthony\desktop\cs classes\myrte\cs419_tyrrella_final\raytracing\debug\raytrace.obj
c:\users\anthony\desktop\cs classes\myrte\cs419_tyrrella_final\raytracing\debug\scene.obj
c:\users\anthony\desktop\cs classes\myrte\cs419_tyrrella_final\raytracing\debug\sphere.obj
c:\users\anthony\desktop\cs classes\myrte\cs419_tyrrella_final\raytracing\debug\vec3.obj
c:\users\anthony\desktop\cs classes\myrte\cs419_tyrrella_final\raytracing\debug\main.obj
c:\users\anthony\desktop\cs classes\myrte\cs419_tyrrella_final\debug\raytracing.ilk
c:\users\anthony\desktop\cs classes\myrte\cs419_tyrrella_final\debug\raytracing.exe
c:\users\anthony\desktop\cs classes\myrte\cs419_tyrrella_final\debug\raytracing.pdb
c:\users\anthony\desktop\cs classes\myrte\cs419_tyrrella_final\raytracing\debug\raytracing.tlog\cl.command.1.tlog
c:\users\anthony\desktop\cs classes\myrte\cs419_tyrrella_final\raytracing\debug\raytracing.tlog\cl.read.1.tlog
c:\users\anthony\desktop\cs classes\myrte\cs419_tyrrella_final\raytracing\debug\raytracing.tlog\cl.write.1.tlog
c:\users\anthony\desktop\cs classes\myrte\cs419_tyrrella_final\raytracing\debug\raytracing.tlog\link.command.1.tlog
c:\users\anthony\desktop\cs classes\myrte\cs419_tyrrella_final\raytracing\debug\raytracing.tlog\link.read.1.tlog
c:\users\anthony\desktop\cs classes\myrte\cs419_tyrrella_final\raytracing\debug\raytracing.tlog\link.write.1.tlog
